<?xml version="1.0" encoding="UTF-8"?>
<!-- Generated by org.testng.reporters.JUnitReportReporter -->
<testsuite hostname="RAJRATNAA" failures="0" tests="1" name="ai.ds.apps.testBase.TestBase" time="3.296" errors="0" timestamp="24 Dec 2022 10:41:14 GMT" skipped="0">
  <testcase classname="ai.ds.apps.testBase.TestBase" name="setup" time="3.296"/>
</testsuite> <!-- ai.ds.apps.testBase.TestBase -->
