<?xml version="1.0" encoding="UTF-8"?>
<!-- Generated by org.testng.reporters.JUnitReportReporter -->
<testsuite hostname="RAJRATNAA" failures="0" tests="1" name="ai.ds.apps.testLayer.LoginPageTest" time="10.895" errors="0" timestamp="31 Dec 2022 16:19:40 GMT" skipped="0">
  <testcase classname="ai.ds.apps.testLayer.LoginPageTest" name="verifyLogin" time="10.895"/>
</testsuite> <!-- ai.ds.apps.testLayer.LoginPageTest -->
